\BOOKMARK [1][-]{section.1.1}{PROBLEMA DE INVESTIGACIÓN}{}% 1
\BOOKMARK [2][-]{subsection.1.1.1}{Planteamiento\040del\040Problema}{section.1.1}% 2
\BOOKMARK [2][-]{subsection.1.1.2}{Formulación del problema}{section.1.1}% 3
\BOOKMARK [3][-]{subsubsection.1.1.2.1}{Problema\040General}{subsection.1.1.2}% 4
\BOOKMARK [3][-]{subsubsection.1.1.2.2}{Problemas\040Especificos}{subsection.1.1.2}% 5
\BOOKMARK [2][-]{subsection.1.1.3}{Justificación y aportes}{section.1.1}% 6
\BOOKMARK [2][-]{subsection.1.1.4}{Objetivos de la Investigación}{section.1.1}% 7
\BOOKMARK [3][-]{subsubsection.1.1.4.1}{Objetivo\040General}{subsection.1.1.4}% 8
\BOOKMARK [3][-]{subsubsection.1.1.4.2}{Objetivos\040Especificos}{subsection.1.1.4}% 9
\BOOKMARK [1][-]{section.1.2}{MARCO METODOLÓGICO}{}% 10
\BOOKMARK [2][-]{subsection.1.2.1}{Antecedentes de la investigación}{section.1.2}% 11
\BOOKMARK [2][-]{subsection.1.2.2}{Bases teóricas de las variables}{section.1.2}% 12
\BOOKMARK [2][-]{subsection.1.2.3}{Definición de términos básicos}{section.1.2}% 13
\BOOKMARK [1][-]{section.1.3}{METODOS\040Y\040MATERIALES}{}% 14
\BOOKMARK [2][-]{subsection.1.3.1}{Hipótesis de la investigación}{section.1.3}% 15
\BOOKMARK [2][-]{subsection.1.3.2}{Variables}{section.1.3}% 16
\BOOKMARK [2][-]{subsection.1.3.3}{Operacionalizacion\040de\040la\040variable}{section.1.3}% 17
\BOOKMARK [2][-]{subsection.1.3.4}{Diseño de la investigación}{section.1.3}% 18
\BOOKMARK [2][-]{subsection.1.3.5}{Población, muestra y muestreo}{section.1.3}% 19
\BOOKMARK [2][-]{subsection.1.3.6}{Técnicas e instrumentos de recolección de datos}{section.1.3}% 20
\BOOKMARK [2][-]{subsection.1.3.7}{Métodos de análisis de datos}{section.1.3}% 21
\BOOKMARK [2][-]{subsection.1.3.8}{Propuesta\040de\040valor}{section.1.3}% 22
\BOOKMARK [2][-]{subsection.1.3.9}{Aspectos deontológicos}{section.1.3}% 23
\BOOKMARK [1][-]{section.1.4}{ASPECTOS\040ADMINISTRATIVOS}{}% 24
\BOOKMARK [2][-]{subsection.1.4.1}{Presupuesto}{section.1.4}% 25
\BOOKMARK [2][-]{subsection.1.4.2}{Cronograma\040de\040actividades}{section.1.4}% 26
\BOOKMARK [1][-]{section.1.5}{REFERENCIAS}{}% 27
